[debug] [2018-06-02T17:57:24.159Z] ----------------------------------------------------------------------
[debug] [2018-06-02T17:57:24.161Z] Command:       E:\nodejs\node.exe C:\Users\Arek\AppData\Roaming\npm\node_modules\firebase-tools\bin\firebase serve
[debug] [2018-06-02T17:57:24.161Z] CLI Version:   3.18.4
[debug] [2018-06-02T17:57:24.161Z] Platform:      win32
[debug] [2018-06-02T17:57:24.161Z] Node Version:  v9.11.1
[debug] [2018-06-02T17:57:24.162Z] Time:          Sat Jun 02 2018 19:57:24 GMT+0200 (Środkowoeuropejski czas letni)
[debug] [2018-06-02T17:57:24.162Z] ----------------------------------------------------------------------
[debug] 
[debug] [2018-06-02T17:57:24.174Z] > command requires scopes: ["email","openid","https://www.googleapis.com/auth/cloudplatformprojects.readonly","https://www.googleapis.com/auth/firebase","https://www.googleapis.com/auth/cloud-platform"]
[debug] [2018-06-02T17:57:24.174Z] > authorizing via signed-in user
[debug] [2018-06-02T17:57:24.176Z] >>> HTTP REQUEST GET https://admin.firebase.com/v1/projects/tesla-projekt  
  
 Sat Jun 02 2018 19:57:24 GMT+0200 (Środkowoeuropejski czas letni)
[debug] [2018-06-02T17:57:25.064Z] <<< HTTP RESPONSE 200
[debug] [2018-06-02T17:57:25.065Z] >>> HTTP REQUEST GET https://admin.firebase.com/v1/database/tesla-projekt/tokens  
  
 Sat Jun 02 2018 19:57:25 GMT+0200 (Środkowoeuropejski czas letni)
[debug] [2018-06-02T17:57:25.825Z] <<< HTTP RESPONSE 200
[debug] [2018-06-02T17:57:25.825Z] >>> HTTP REQUEST GET https://cloudresourcemanager.googleapis.com/v1/projects/tesla-projekt  
  
 Sat Jun 02 2018 19:57:25 GMT+0200 (Środkowoeuropejski czas letni)
[debug] [2018-06-02T17:57:26.747Z] <<< HTTP RESPONSE 200
[info] 
[info] === Serving from 'C:\Users\Arek\tesla-project'...
[info] 
[info] i  functions: Preparing to emulate functions.
[debug] [2018-06-02T17:57:27.587Z] Fetching environment
[debug] [2018-06-02T17:57:27.594Z] >>> HTTP REQUEST GET https://mobilesdk-pa.googleapis.com/v1/projects/243974502932:getServerAppConfig  
  
 Sat Jun 02 2018 19:57:27 GMT+0200 (Środkowoeuropejski czas letni)
[debug] [2018-06-02T17:57:27.595Z] >>> HTTP REQUEST GET https://mobilesdk-pa.googleapis.com/v1/projects/243974502932/clients/_:getWebAppConfig  
  
 Sat Jun 02 2018 19:57:27 GMT+0200 (Środkowoeuropejski czas letni)
[debug] [2018-06-02T17:57:28.238Z] <<< HTTP RESPONSE 200
[info] i  hosting: Serving hosting files from: public
[info] +  hosting: Local server: http://localhost:5000

[debug] [2018-06-02T17:57:28.323Z] <<< HTTP RESPONSE 200
[debug] [2018-06-02T17:57:28.323Z] Starting @google-cloud/functions-emulator
[debug] [2018-06-02T17:57:30.461Z] Parsing function triggers
